==============================================================================
20180126 15:45:53.506 - INFO - + START SUITE: Acceptancetest [ ]
==============================================================================
20180126 15:45:53.547 - INFO - +- START SUITE: Acceptancetest.HelloWorldTests [ ]
==============================================================================
20180126 15:45:53.554 - INFO - +-- START TEST: Say Hello [ ]
------------------------------------------------------------------------------
20180126 15:45:53.560 - INFO - +--- START KW: keywords.CustomKeywords.Greet Everyone [ ]
20180126 15:45:53.565 - INFO - +--- END KW: keywords.CustomKeywords.Greet Everyone (4)
------------------------------------------------------------------------------
20180126 15:45:53.570 - INFO - +-- END TEST: Say Hello (15)
------------------------------------------------------------------------------
20180126 15:45:53.573 - INFO - +-- START TEST: Say Hello In Pig Latin [ ]
------------------------------------------------------------------------------
20180126 15:45:53.576 - INFO - +--- START KW: keywords.CustomKeywords.Reverse Greet Everyone [ ]
20180126 15:45:53.580 - INFO - +--- END KW: keywords.CustomKeywords.Reverse Greet Everyone (3)
------------------------------------------------------------------------------
20180126 15:45:53.582 - INFO - +-- END TEST: Say Hello In Pig Latin (10)
------------------------------------------------------------------------------
20180126 15:45:53.584 - INFO - +-- START TEST: Make Sure You're Saying Hello [ ]
------------------------------------------------------------------------------
20180126 15:45:53.587 - INFO - +--- START KW: keywords.CustomKeywords.Greet Everyone [ ]
20180126 15:45:53.592 - INFO - ${result} = hello world
20180126 15:45:53.594 - INFO - +--- END KW: keywords.CustomKeywords.Greet Everyone (6)
~~~~~~~~~~~~~~~~~~~~~~~~~~~~~~~~~~~~~~~~~~~~~~~~~~~~~~~~~~~~~~~~~~~~~~~~~~~~~~
20180126 15:45:53.595 - INFO - +--- START KW: BuiltIn.Should Be Equal [ ${result} | hello world ]
20180126 15:45:53.601 - INFO - +--- END KW: BuiltIn.Should Be Equal (5)
------------------------------------------------------------------------------
20180126 15:45:53.604 - INFO - +-- END TEST: Make Sure You're Saying Hello (19)
------------------------------------------------------------------------------
20180126 15:45:53.607 - INFO - +-- START TEST: Make A Test That Fails [ ]
------------------------------------------------------------------------------
20180126 15:45:53.610 - INFO - +--- START KW: keywords.CustomKeywords.Reverse Greet Everyone [ ]
20180126 15:45:53.613 - INFO - ${result} = dlrow olleh
20180126 15:45:53.615 - INFO - +--- END KW: keywords.CustomKeywords.Reverse Greet Everyone (4)
~~~~~~~~~~~~~~~~~~~~~~~~~~~~~~~~~~~~~~~~~~~~~~~~~~~~~~~~~~~~~~~~~~~~~~~~~~~~~~
20180126 15:45:53.617 - INFO - +--- START KW: BuiltIn.Should Be Equal [ ${result} | dlrow olleh ]
20180126 15:45:53.623 - INFO - +--- END KW: BuiltIn.Should Be Equal (6)
------------------------------------------------------------------------------
20180126 15:45:53.625 - INFO - +-- END TEST: Make A Test That Fails (18)
------------------------------------------------------------------------------
20180126 15:45:53.632 - INFO - +- END SUITE: Acceptancetest.HelloWorldTests (117)
==============================================================================
20180126 15:45:53.639 - INFO - + END SUITE: Acceptancetest (401)
==============================================================================
